TN:
SF:src/App.tsx
FN:22,App
FNF:1
FNH:1
FNDA:10,App
DA:1,1
DA:2,1
DA:3,1
DA:4,1
DA:5,1
DA:6,1
DA:7,1
DA:8,1
DA:9,1
DA:10,1
DA:11,1
DA:12,1
DA:13,1
DA:14,1
DA:15,1
DA:16,1
DA:17,1
DA:18,1
DA:19,1
DA:20,1
DA:21,1
DA:22,1
DA:23,10
DA:24,10
DA:25,10
DA:26,10
DA:27,10
DA:28,10
DA:29,10
DA:30,10
DA:31,10
DA:32,10
DA:33,10
DA:34,10
DA:35,10
DA:36,10
DA:37,10
DA:38,10
DA:39,10
DA:40,10
DA:41,10
DA:42,10
DA:43,1
DA:44,1
LF:44
LH:44
BRDA:22,0,0,10
BRF:1
BRH:1
end_of_record
TN:
SF:src/theme.ts
FNF:0
FNH:0
DA:1,1
DA:2,1
DA:3,1
DA:4,1
DA:5,1
DA:6,1
DA:7,1
DA:8,1
DA:9,1
DA:10,1
DA:11,1
DA:12,1
DA:13,1
DA:14,1
DA:15,1
DA:16,1
DA:17,1
DA:18,1
DA:19,1
DA:20,1
DA:21,1
DA:22,1
DA:23,1
DA:24,1
DA:25,1
DA:26,1
DA:27,1
DA:28,1
DA:29,1
DA:30,1
DA:31,1
DA:32,1
DA:33,1
DA:34,1
DA:35,1
DA:36,1
DA:37,1
DA:38,1
DA:39,1
DA:40,1
DA:41,1
DA:42,1
DA:43,1
DA:44,1
DA:45,1
DA:46,1
DA:47,1
DA:48,1
DA:49,1
DA:50,1
DA:51,1
DA:52,1
DA:53,1
DA:54,1
DA:55,1
DA:56,1
DA:57,1
DA:58,1
DA:59,1
DA:60,1
DA:61,1
DA:62,1
DA:63,1
DA:64,1
DA:65,1
DA:66,1
DA:67,1
DA:68,1
DA:69,1
DA:70,1
DA:71,1
DA:72,1
DA:73,1
DA:74,1
DA:75,1
DA:76,1
DA:77,1
DA:78,1
DA:79,1
DA:80,1
DA:81,1
DA:82,1
DA:83,1
DA:84,1
DA:85,1
DA:86,1
DA:87,1
DA:88,1
DA:89,1
DA:90,1
DA:91,1
DA:92,1
DA:93,1
DA:94,1
DA:95,1
DA:96,1
DA:97,1
DA:98,1
DA:99,1
DA:100,1
DA:101,1
DA:102,1
DA:103,1
DA:104,1
DA:105,1
DA:106,1
DA:107,1
DA:108,1
DA:109,1
DA:110,1
DA:111,1
DA:112,1
DA:113,1
DA:114,1
DA:115,1
DA:116,1
DA:117,1
DA:118,1
DA:119,1
DA:120,1
LF:120
LH:120
BRF:0
BRH:0
end_of_record
TN:
SF:src/components/Button/Button.tsx
FN:93,renderIcon
FN:109,handleClick
FNF:2
FNH:2
FNDA:16,renderIcon
FNDA:11,handleClick
DA:1,1
DA:2,1
DA:3,1
DA:4,1
DA:5,1
DA:6,1
DA:7,1
DA:8,1
DA:9,1
DA:10,1
DA:11,1
DA:12,1
DA:13,1
DA:14,1
DA:15,1
DA:16,1
DA:17,1
DA:18,1
DA:19,1
DA:20,1
DA:21,1
DA:22,1
DA:23,1
DA:24,1
DA:25,1
DA:26,1
DA:27,1
DA:28,1
DA:29,1
DA:30,1
DA:31,1
DA:32,1
DA:33,1
DA:34,1
DA:35,1
DA:36,1
DA:37,1
DA:38,1
DA:39,1
DA:40,1
DA:41,1
DA:42,1
DA:43,1
DA:44,1
DA:45,1
DA:46,1
DA:47,1
DA:48,1
DA:49,1
DA:50,1
DA:51,1
DA:52,1
DA:53,1
DA:54,1
DA:55,1
DA:56,1
DA:57,1
DA:58,1
DA:59,1
DA:60,1
DA:61,1
DA:62,1
DA:63,1
DA:64,1
DA:65,1
DA:66,1
DA:67,1
DA:68,1
DA:69,1
DA:70,1
DA:71,58
DA:72,58
DA:73,58
DA:74,58
DA:75,58
DA:76,58
DA:77,58
DA:78,58
DA:79,58
DA:80,58
DA:81,58
DA:82,58
DA:83,58
DA:84,58
DA:85,58
DA:86,58
DA:87,58
DA:88,58
DA:89,58
DA:90,58
DA:91,58
DA:92,58
DA:93,58
DA:94,16
DA:95,10
DA:96,10
DA:97,10
DA:98,10
DA:99,10
DA:100,10
DA:101,10
DA:102,10
DA:103,6
DA:104,6
DA:105,6
DA:106,0
DA:107,58
DA:108,58
DA:109,58
DA:110,11
DA:111,10
DA:112,10
DA:113,11
DA:114,11
DA:115,11
DA:116,11
DA:117,58
DA:118,58
DA:119,58
DA:120,58
DA:121,58
DA:122,58
DA:123,58
DA:124,58
DA:125,58
DA:126,58
DA:127,58
DA:128,58
DA:129,58
DA:130,58
DA:131,58
DA:132,58
DA:133,58
DA:134,58
DA:135,58
DA:136,58
DA:137,58
DA:138,58
DA:139,58
DA:140,58
DA:141,58
DA:142,58
DA:143,58
DA:144,1
DA:145,1
DA:146,1
DA:147,1
DA:148,1
DA:149,1
DA:150,58
DA:151,58
DA:152,58
DA:153,58
DA:154,58
DA:155,58
DA:156,58
DA:157,58
DA:158,58
DA:159,58
DA:160,58
DA:161,58
DA:162,58
DA:163,58
DA:164,58
DA:165,58
DA:166,58
DA:167,58
DA:168,58
DA:169,58
DA:170,58
DA:171,58
DA:172,58
DA:173,58
DA:174,58
DA:175,58
DA:176,58
DA:177,58
DA:178,58
DA:179,58
DA:180,58
DA:181,58
DA:182,58
DA:183,58
DA:184,58
DA:185,58
DA:186,58
DA:187,58
DA:188,58
DA:189,58
DA:190,58
DA:191,58
DA:192,58
DA:193,58
DA:194,58
DA:195,58
DA:196,58
DA:197,58
DA:198,58
DA:199,58
DA:200,58
DA:201,58
DA:202,58
DA:203,58
DA:204,58
DA:205,58
DA:206,58
DA:207,58
DA:208,58
DA:209,58
DA:210,58
DA:211,58
DA:212,58
DA:213,58
DA:214,58
DA:215,58
DA:216,58
DA:217,58
DA:218,58
DA:219,58
DA:220,58
DA:221,58
DA:222,58
DA:223,58
DA:224,58
DA:225,58
DA:226,58
DA:227,58
DA:228,58
DA:229,58
DA:230,58
DA:231,58
DA:232,58
DA:233,58
DA:234,58
DA:235,58
DA:236,58
DA:237,58
DA:238,58
DA:239,58
DA:240,58
DA:241,58
DA:242,58
DA:243,58
DA:244,58
DA:245,58
DA:246,58
DA:247,58
DA:248,58
DA:249,58
DA:250,58
DA:251,58
DA:252,58
DA:253,58
DA:254,58
DA:255,58
DA:256,58
DA:257,58
DA:258,58
DA:259,58
DA:260,58
DA:261,58
DA:262,58
DA:263,58
DA:264,58
DA:265,58
DA:266,58
DA:267,58
DA:268,58
DA:269,58
DA:270,58
DA:271,58
DA:272,58
DA:273,58
DA:274,58
DA:275,58
DA:276,58
DA:277,58
DA:278,58
DA:279,58
DA:280,58
DA:281,58
DA:282,58
DA:283,58
DA:284,58
DA:285,58
DA:286,58
DA:287,58
DA:288,58
DA:289,58
DA:290,58
DA:291,58
DA:292,58
DA:293,58
DA:294,58
DA:295,58
DA:296,58
DA:297,58
DA:298,58
DA:299,58
DA:300,58
DA:301,58
DA:302,58
DA:303,58
DA:304,58
DA:305,58
DA:306,58
DA:307,58
DA:308,58
DA:309,58
DA:310,58
DA:311,58
DA:312,58
DA:313,58
DA:314,58
DA:315,58
DA:316,58
DA:317,58
DA:318,58
DA:319,58
DA:320,58
DA:321,58
DA:322,58
DA:323,58
DA:324,58
DA:325,58
DA:326,58
DA:327,58
DA:328,58
DA:329,58
DA:330,58
DA:331,58
DA:332,58
DA:333,58
DA:334,1
DA:335,1
DA:336,1
DA:337,1
DA:338,1
LF:338
LH:337
BRDA:70,0,0,58
BRDA:90,1,0,53
BRDA:91,2,0,5
BRDA:91,3,0,0
BRDA:126,4,0,11
BRDA:126,5,0,47
BRDA:127,6,0,5
BRDA:127,7,0,53
BRDA:128,8,0,44
BRDA:132,9,0,14
BRDA:132,10,0,0
BRDA:137,11,0,53
BRDA:137,12,0,6
BRDA:137,13,0,11
BRDA:138,14,0,5
BRDA:138,15,0,0
BRDA:139,16,0,53
BRDA:139,17,0,6
BRDA:139,18,0,5
BRDA:93,19,0,16
BRDA:94,20,0,10
BRDA:94,21,0,10
BRDA:102,22,0,6
BRDA:105,23,0,0
BRDA:109,24,0,11
BRDA:110,25,0,10
BRDA:115,26,0,0
BRDA:149,27,0,58
BRDA:163,28,0,0
BRDA:164,29,0,18
BRDA:164,30,0,40
BRDA:165,31,0,18
BRDA:165,32,0,40
BRF:33
BRH:27
end_of_record
TN:
SF:src/components/ButtonGroup/ButtonGroup.tsx
FN:28,shouldForwardProp
FN:56,ButtonGroup
FNF:2
FNH:2
FNDA:15,shouldForwardProp
FNDA:3,ButtonGroup
DA:1,1
DA:2,1
DA:3,1
DA:4,1
DA:5,1
DA:6,1
DA:7,1
DA:8,1
DA:9,1
DA:10,1
DA:11,1
DA:12,1
DA:13,1
DA:14,1
DA:15,1
DA:16,1
DA:17,1
DA:18,1
DA:19,1
DA:20,1
DA:21,1
DA:22,1
DA:23,1
DA:24,1
DA:25,1
DA:26,1
DA:27,1
DA:28,1
DA:29,1
DA:30,1
DA:31,3
DA:32,3
DA:33,3
DA:34,3
DA:35,3
DA:36,3
DA:37,3
DA:38,3
DA:39,3
DA:40,3
DA:41,3
DA:42,3
DA:43,3
DA:44,3
DA:45,1
DA:46,1
DA:47,1
DA:48,1
DA:49,1
DA:50,2
DA:51,3
DA:52,3
DA:53,3
DA:54,1
DA:55,1
DA:56,1
DA:57,3
DA:58,3
DA:59,3
DA:60,3
DA:61,3
DA:62,3
DA:63,3
DA:64,3
DA:65,3
DA:66,3
DA:67,3
DA:68,3
DA:69,3
DA:70,3
DA:71,3
DA:72,3
DA:73,1
DA:74,1
LF:74
LH:74
BRDA:28,0,0,15
BRDA:30,1,0,3
BRDA:45,2,0,1
BRDA:50,3,0,2
BRDA:56,4,0,3
BRF:5
BRH:5
end_of_record
TN:
SF:src/components/IconButton/IconButton.tsx
FN:21,Object.<anonymous>.StyledIconButton.size.size
FN:30,Object.<anonymous>.StyledIconButton.size.size
FN:52,IconButton
FNF:3
FNH:3
FNDA:4,Object.<anonymous>.StyledIconButton.size.size
FNDA:4,Object.<anonymous>.StyledIconButton.size.size
FNDA:4,IconButton
DA:1,1
DA:2,1
DA:3,1
DA:4,1
DA:5,1
DA:6,1
DA:7,1
DA:8,1
DA:9,1
DA:10,1
DA:11,1
DA:12,1
DA:13,1
DA:14,1
DA:15,1
DA:16,1
DA:17,1
DA:18,1
DA:19,1
DA:20,1
DA:21,1
DA:22,4
DA:23,4
DA:24,4
DA:25,4
DA:26,4
DA:27,4
DA:28,4
DA:29,1
DA:30,1
DA:31,4
DA:32,4
DA:33,4
DA:34,4
DA:35,4
DA:36,4
DA:37,4
DA:38,1
DA:39,4
DA:40,4
DA:41,4
DA:42,4
DA:43,4
DA:44,4
DA:45,4
DA:46,1
DA:47,1
DA:48,1
DA:49,1
DA:50,1
DA:51,1
DA:52,1
DA:53,4
DA:54,4
DA:55,4
DA:56,4
DA:57,4
DA:58,4
DA:59,4
DA:60,4
DA:61,4
DA:62,4
DA:63,4
DA:64,4
DA:65,4
DA:66,4
DA:67,4
DA:68,4
DA:69,4
DA:70,4
DA:71,1
DA:72,1
LF:72
LH:72
BRDA:21,0,0,4
BRDA:27,1,0,0
BRDA:30,2,0,4
BRDA:36,3,0,0
BRDA:38,4,0,4
BRDA:44,5,0,0
BRDA:52,6,0,4
BRF:7
BRH:4
end_of_record
TN:
SF:src/components/safety/SafetySheet.tsx
FN:33,SafetySheet
FN:104,savePlan
FN:128,onClick
FN:171,onChange
FN:180,onChange
FN:189,onChange
FN:198,onChange
FN:207,onChange
FN:280,Object.<anonymous>._styledComponents.default.div.theme.theme
FN:281,Object.<anonymous>._styledComponents.default.div.theme.theme
FN:282,Object.<anonymous>._styledComponents.default.div.theme.theme
FN:283,Object.<anonymous>._styledComponents.default.div.theme.theme
FN:289,Object.<anonymous>._styledComponents.default.ul.theme.theme
FN:290,Object.<anonymous>._styledComponents.default.ul.theme.theme
FN:292,Object.<anonymous>._styledComponents.default.ul.theme.theme
FN:295,Object.<anonymous>._styledComponents.default.ul.theme.theme
FNF:16
FNH:9
FNDA:16,SafetySheet
FNDA:0,savePlan
FNDA:0,onClick
FNDA:0,onChange
FNDA:0,onChange
FNDA:0,onChange
FNDA:0,onChange
FNDA:0,onChange
FNDA:6,Object.<anonymous>._styledComponents.default.div.theme.theme
FNDA:6,Object.<anonymous>._styledComponents.default.div.theme.theme
FNDA:6,Object.<anonymous>._styledComponents.default.div.theme.theme
FNDA:6,Object.<anonymous>._styledComponents.default.div.theme.theme
FNDA:3,Object.<anonymous>._styledComponents.default.ul.theme.theme
FNDA:3,Object.<anonymous>._styledComponents.default.ul.theme.theme
FNDA:3,Object.<anonymous>._styledComponents.default.ul.theme.theme
FNDA:3,Object.<anonymous>._styledComponents.default.ul.theme.theme
DA:1,1
DA:2,1
DA:3,1
DA:4,1
DA:5,1
DA:6,1
DA:7,1
DA:8,1
DA:9,1
DA:10,1
DA:11,1
DA:12,1
DA:13,1
DA:14,1
DA:15,1
DA:16,1
DA:17,1
DA:18,1
DA:19,1
DA:20,1
DA:21,1
DA:22,1
DA:23,1
DA:24,1
DA:25,1
DA:26,1
DA:27,1
DA:28,1
DA:29,1
DA:30,1
DA:31,1
DA:32,1
DA:33,1
DA:34,16
DA:35,16
DA:36,16
DA:37,16
DA:38,16
DA:39,16
DA:40,16
DA:41,16
DA:42,16
DA:43,16
DA:44,16
DA:45,16
DA:46,16
DA:47,16
DA:48,16
DA:49,12
DA:50,2
DA:51,2
DA:52,2
DA:53,2
DA:54,2
DA:55,1
DA:56,1
DA:57,1
DA:58,2
DA:59,2
DA:60,1
DA:61,1
DA:62,2
DA:63,2
DA:64,2
DA:65,2
DA:66,2
DA:67,2
DA:68,2
DA:69,2
DA:70,2
DA:71,16
DA:72,16
DA:73,16
DA:74,12
DA:75,2
DA:76,2
DA:77,2
DA:78,2
DA:79,2
DA:80,2
DA:81,2
DA:82,2
DA:83,0
DA:84,0
DA:85,0
DA:86,0
DA:87,0
DA:88,0
DA:89,0
DA:90,0
DA:91,2
DA:92,2
DA:93,0
DA:94,2
DA:95,2
DA:96,2
DA:97,2
DA:98,2
DA:99,2
DA:100,2
DA:101,2
DA:102,16
DA:103,16
DA:104,16
DA:105,0
DA:106,0
DA:107,0
DA:108,0
DA:109,0
DA:110,0
DA:111,0
DA:112,0
DA:113,0
DA:114,0
DA:115,0
DA:116,0
DA:117,0
DA:118,16
DA:119,16
DA:120,16
DA:121,6
DA:122,6
DA:123,6
DA:124,6
DA:125,6
DA:126,6
DA:127,6
DA:128,6
DA:129,6
DA:130,6
DA:131,6
DA:132,6
DA:133,6
DA:134,6
DA:135,6
DA:136,6
DA:137,6
DA:138,6
DA:139,6
DA:140,6
DA:141,6
DA:142,6
DA:143,6
DA:144,6
DA:145,6
DA:146,6
DA:147,6
DA:148,6
DA:149,6
DA:150,6
DA:151,6
DA:152,6
DA:153,6
DA:154,6
DA:155,6
DA:156,6
DA:157,6
DA:158,6
DA:159,6
DA:160,6
DA:161,6
DA:162,6
DA:163,6
DA:164,6
DA:165,16
DA:166,16
DA:167,16
DA:168,16
DA:169,16
DA:170,16
DA:171,16
DA:172,16
DA:173,16
DA:174,16
DA:175,16
DA:176,16
DA:177,16
DA:178,16
DA:179,16
DA:180,16
DA:181,16
DA:182,16
DA:183,16
DA:184,16
DA:185,16
DA:186,16
DA:187,16
DA:188,16
DA:189,16
DA:190,16
DA:191,16
DA:192,16
DA:193,16
DA:194,16
DA:195,16
DA:196,16
DA:197,16
DA:198,16
DA:199,16
DA:200,16
DA:201,16
DA:202,16
DA:203,16
DA:204,16
DA:205,16
DA:206,16
DA:207,16
DA:208,16
DA:209,16
DA:210,16
DA:211,16
DA:212,16
DA:213,16
DA:214,16
DA:215,16
DA:216,16
DA:217,16
DA:218,16
DA:219,16
DA:220,16
DA:221,16
DA:222,16
DA:223,16
DA:224,16
DA:225,16
DA:226,16
DA:227,16
DA:228,16
DA:229,16
DA:230,16
DA:231,16
DA:232,3
DA:233,3
DA:234,1
DA:235,1
DA:236,1
DA:237,1
DA:238,1
DA:239,1
DA:240,1
DA:241,0
DA:242,0
DA:243,0
DA:244,0
DA:245,0
DA:246,0
DA:247,1
DA:248,1
DA:249,1
DA:250,3
DA:251,3
DA:252,16
DA:253,16
DA:254,16
DA:255,16
DA:256,16
DA:257,16
DA:258,16
DA:259,16
DA:260,16
DA:261,16
DA:262,16
DA:263,16
DA:264,16
DA:265,1
DA:266,1
DA:267,1
DA:268,1
DA:269,1
DA:270,1
DA:271,1
DA:272,1
DA:273,1
DA:274,1
DA:275,1
DA:276,1
DA:277,1
DA:278,1
DA:279,1
DA:280,1
DA:281,1
DA:282,1
DA:283,1
DA:284,1
DA:285,1
DA:286,1
DA:287,1
DA:288,1
DA:289,1
DA:290,1
DA:291,1
DA:292,1
DA:293,1
DA:294,1
DA:295,1
DA:296,1
DA:297,1
DA:298,1
LF:298
LH:270
BRDA:33,0,0,16
BRDA:120,1,0,10
BRDA:120,2,0,6
BRDA:165,3,0,2
BRDA:165,4,0,4
BRDA:213,5,0,0
BRDA:213,6,0,6
BRDA:228,7,0,2
BRDA:228,8,0,4
BRDA:229,9,0,1
BRDA:229,10,0,5
BRDA:231,11,0,4
BRDA:231,12,0,3
BRDA:252,13,0,3
BRDA:48,14,0,12
BRDA:49,15,0,10
BRDA:49,16,0,2
BRDA:54,17,0,1
BRDA:55,18,0,0
BRDA:56,19,0,0
BRDA:59,20,0,1
BRDA:60,21,0,0
BRDA:61,22,0,0
BRDA:63,23,0,2
BRDA:64,24,0,0
BRDA:68,25,0,2
BRDA:73,26,0,12
BRDA:74,27,0,10
BRDA:74,28,0,2
BRDA:79,29,0,2
BRDA:80,30,0,0
BRDA:82,31,0,0
BRDA:82,32,0,0
BRDA:95,33,0,2
BRDA:96,34,0,0
BRDA:99,35,0,2
BRDA:233,36,0,1
BRDA:235,37,0,0
BRDA:236,38,0,0
BRDA:238,39,0,0
BRDA:239,40,0,0
BRDA:240,41,0,0
BRDA:234,42,0,0
BRDA:272,43,0,6
BRDA:280,44,0,6
BRDA:281,45,0,6
BRDA:282,46,0,6
BRDA:283,47,0,6
BRDA:284,48,0,6
BRDA:289,49,0,3
BRDA:290,50,0,3
BRDA:292,51,0,3
BRDA:295,52,0,3
BRDA:296,53,0,3
BRF:54
BRH:38
end_of_record
TN:
SF:src/components/ui/Buttons.tsx
FN:14,PrimaryButton
FN:18,SecondaryButton
FN:22,GhostButton
FNF:3
FNH:3
FNDA:47,PrimaryButton
FNDA:1,SecondaryButton
FNDA:10,GhostButton
DA:1,1
DA:2,1
DA:3,1
DA:4,1
DA:5,1
DA:6,1
DA:7,1
DA:8,1
DA:9,1
DA:10,1
DA:11,1
DA:12,1
DA:13,1
DA:14,1
DA:15,47
DA:16,1
DA:17,1
DA:18,1
DA:19,1
DA:20,1
DA:21,1
DA:22,1
LF:22
LH:22
BRDA:14,0,0,47
BRDA:18,1,0,1
BRDA:22,2,0,10
BRF:3
BRH:3
end_of_record
TN:
SF:src/components/ui/Chip.tsx
FN:18,Chip
FN:32,Object.<anonymous>._styledComponents.default.button.theme.theme
FN:34,Object.<anonymous>._styledComponents.default.button.theme.theme
FN:36,Object.<anonymous>._styledComponents.default.button.theme.theme
FN:37,Object.<anonymous>._styledComponents.default.button.theme.theme
FN:38,Object.<anonymous>._styledComponents.default.button.theme.theme
FN:38,Object.<anonymous>._styledComponents.default.button.theme.theme
FNF:7
FNH:7
FNDA:58,Chip
FNDA:58,Object.<anonymous>._styledComponents.default.button.theme.theme
FNDA:58,Object.<anonymous>._styledComponents.default.button.theme.theme
FNDA:58,Object.<anonymous>._styledComponents.default.button.theme.theme
FNDA:58,Object.<anonymous>._styledComponents.default.button.theme.theme
FNDA:58,Object.<anonymous>._styledComponents.default.button.theme.theme
FNDA:58,Object.<anonymous>._styledComponents.default.button.theme.theme
DA:1,1
DA:2,1
DA:3,1
DA:4,1
DA:5,1
DA:6,1
DA:7,1
DA:8,1
DA:9,1
DA:10,1
DA:11,1
DA:12,1
DA:13,1
DA:14,1
DA:15,1
DA:16,1
DA:17,1
DA:18,1
DA:19,58
DA:20,58
DA:21,58
DA:22,58
DA:23,58
DA:24,58
DA:25,58
DA:26,58
DA:27,58
DA:28,58
DA:29,1
DA:30,1
DA:31,1
DA:32,1
DA:33,1
DA:34,1
DA:35,1
DA:36,1
DA:37,1
DA:38,1
DA:39,1
DA:40,1
DA:41,1
DA:42,1
DA:43,1
LF:43
LH:43
BRDA:18,0,0,58
BRDA:32,1,0,58
BRDA:33,2,0,1
BRDA:33,3,0,57
BRDA:34,4,0,58
BRDA:35,5,0,1
BRDA:35,6,0,57
BRDA:36,7,0,58
BRDA:37,8,0,58
BRDA:38,9,0,58
BRDA:38,10,0,58
BRDA:40,11,0,58
BRF:12
BRH:12
end_of_record
TN:
SF:src/components/ui/Fields.tsx
FN:11,Object.<anonymous>.exports.TextField._styledComponents.default.input.theme.theme
FN:12,Object.<anonymous>.exports.TextField._styledComponents.default.input.theme.theme
FN:13,Object.<anonymous>.exports.TextField._styledComponents.default.input.theme.theme
FN:13,Object.<anonymous>.exports.TextField._styledComponents.default.input.theme.theme
FN:15,Object.<anonymous>.exports.TextField._styledComponents.default.input.theme.theme
FN:16,Object.<anonymous>.exports.TextField._styledComponents.default.input.theme.theme
FN:26,Object.<anonymous>.exports.TextArea._styledComponents.default.textarea.theme.theme
FN:27,Object.<anonymous>.exports.TextArea._styledComponents.default.textarea.theme.theme
FN:28,Object.<anonymous>.exports.TextArea._styledComponents.default.textarea.theme.theme
FN:28,Object.<anonymous>.exports.TextArea._styledComponents.default.textarea.theme.theme
FN:30,Object.<anonymous>.exports.TextArea._styledComponents.default.textarea.theme.theme
FN:31,Object.<anonymous>.exports.TextArea._styledComponents.default.textarea.theme.theme
FNF:12
FNH:12
FNDA:2,Object.<anonymous>.exports.TextField._styledComponents.default.input.theme.theme
FNDA:2,Object.<anonymous>.exports.TextField._styledComponents.default.input.theme.theme
FNDA:2,Object.<anonymous>.exports.TextField._styledComponents.default.input.theme.theme
FNDA:2,Object.<anonymous>.exports.TextField._styledComponents.default.input.theme.theme
FNDA:2,Object.<anonymous>.exports.TextField._styledComponents.default.input.theme.theme
FNDA:2,Object.<anonymous>.exports.TextField._styledComponents.default.input.theme.theme
FNDA:59,Object.<anonymous>.exports.TextArea._styledComponents.default.textarea.theme.theme
FNDA:59,Object.<anonymous>.exports.TextArea._styledComponents.default.textarea.theme.theme
FNDA:59,Object.<anonymous>.exports.TextArea._styledComponents.default.textarea.theme.theme
FNDA:59,Object.<anonymous>.exports.TextArea._styledComponents.default.textarea.theme.theme
FNDA:59,Object.<anonymous>.exports.TextArea._styledComponents.default.textarea.theme.theme
FNDA:59,Object.<anonymous>.exports.TextArea._styledComponents.default.textarea.theme.theme
DA:1,1
DA:2,1
DA:3,1
DA:4,1
DA:5,1
DA:6,1
DA:7,1
DA:8,1
DA:9,1
DA:10,1
DA:11,1
DA:12,1
DA:13,1
DA:14,1
DA:15,1
DA:16,1
DA:17,1
DA:18,1
DA:19,1
DA:20,1
DA:21,1
DA:22,1
DA:23,1
DA:24,1
DA:25,1
DA:26,1
DA:27,1
DA:28,1
DA:29,1
DA:30,1
DA:31,1
DA:32,1
DA:33,1
DA:34,1
DA:35,1
DA:36,1
DA:37,1
LF:37
LH:37
BRDA:11,0,0,2
BRDA:12,1,0,2
BRDA:13,2,0,2
BRDA:13,3,0,2
BRDA:15,4,0,2
BRDA:16,5,0,2
BRDA:19,6,0,2
BRDA:26,7,0,59
BRDA:27,8,0,59
BRDA:28,9,0,59
BRDA:28,10,0,59
BRDA:30,11,0,59
BRDA:31,12,0,59
BRDA:35,13,0,59
BRF:14
BRH:14
end_of_record
TN:
SF:src/components/ui/Inline.tsx
FN:22,Inline
FN:49,Object.<anonymous>._styledComponents.default.div.$wrap.$wrap
FNF:2
FNH:2
FNDA:99,Inline
FNDA:99,Object.<anonymous>._styledComponents.default.div.$wrap.$wrap
DA:1,1
DA:2,1
DA:3,1
DA:4,1
DA:5,1
DA:6,1
DA:7,1
DA:8,1
DA:9,1
DA:10,1
DA:11,1
DA:12,1
DA:13,1
DA:14,1
DA:15,1
DA:16,1
DA:17,1
DA:18,1
DA:19,1
DA:20,1
DA:21,1
DA:22,1
DA:23,99
DA:24,99
DA:25,99
DA:26,99
DA:27,99
DA:28,99
DA:29,99
DA:30,99
DA:31,99
DA:32,99
DA:33,99
DA:34,99
DA:35,99
DA:36,99
DA:37,99
DA:38,99
DA:39,99
DA:40,99
DA:41,99
DA:42,99
DA:43,99
DA:44,99
DA:45,1
DA:46,1
DA:47,1
DA:48,1
DA:49,1
DA:50,1
DA:51,1
LF:51
LH:51
BRDA:22,0,0,99
BRDA:35,1,0,88
BRDA:35,2,0,11
BRDA:36,3,0,88
BRDA:36,4,0,11
BRDA:49,5,0,99
BRDA:50,6,0,99
BRDA:50,7,0,42
BRDA:50,8,0,57
BRF:9
BRH:9
end_of_record
TN:
SF:src/components/ui/Page.tsx
FN:27,Page
FN:44,Object.<anonymous>._styledComponents.default.main.theme.theme
FN:45,Object.<anonymous>._styledComponents.default.main.theme.theme
FNF:3
FNH:3
FNDA:25,Page
FNDA:25,Object.<anonymous>._styledComponents.default.main.theme.theme
FNDA:25,Object.<anonymous>._styledComponents.default.main.theme.theme
DA:1,1
DA:2,1
DA:3,1
DA:4,1
DA:5,1
DA:6,1
DA:7,1
DA:8,1
DA:9,1
DA:10,1
DA:11,1
DA:12,1
DA:13,1
DA:14,1
DA:15,1
DA:16,1
DA:17,1
DA:18,1
DA:19,1
DA:20,1
DA:21,1
DA:22,1
DA:23,1
DA:24,1
DA:25,1
DA:26,1
DA:27,1
DA:28,25
DA:29,25
DA:30,25
DA:31,25
DA:32,25
DA:33,25
DA:34,25
DA:35,25
DA:36,25
DA:37,25
DA:38,25
DA:39,1
DA:40,1
DA:41,1
DA:42,1
DA:43,1
DA:44,1
DA:45,1
DA:46,1
DA:47,1
DA:48,1
DA:49,1
DA:50,1
DA:51,1
DA:52,1
DA:53,1
DA:54,1
DA:55,1
LF:55
LH:55
BRDA:27,0,0,25
BRDA:44,1,0,25
BRDA:45,2,0,25
BRDA:46,3,0,25
BRDA:47,4,0,0
BRDA:52,5,0,25
BRDA:53,6,0,16
BRDA:53,7,0,9
BRF:8
BRH:7
end_of_record
TN:
SF:src/components/ui/SectionHeader.tsx
FN:23,SectionHeader
FN:42,Object.<anonymous>._styledComponents.default.h2.theme.theme
FN:43,Object.<anonymous>._styledComponents.default.h2.theme.theme
FN:44,Object.<anonymous>._styledComponents.default.h2.theme.theme
FN:50,Object.<anonymous>._styledComponents.default.p.theme.theme
FNF:5
FNH:5
FNDA:31,SectionHeader
FNDA:31,Object.<anonymous>._styledComponents.default.h2.theme.theme
FNDA:31,Object.<anonymous>._styledComponents.default.h2.theme.theme
FNDA:31,Object.<anonymous>._styledComponents.default.h2.theme.theme
FNDA:31,Object.<anonymous>._styledComponents.default.p.theme.theme
DA:1,1
DA:2,1
DA:3,1
DA:4,1
DA:5,1
DA:6,1
DA:7,1
DA:8,1
DA:9,1
DA:10,1
DA:11,1
DA:12,1
DA:13,1
DA:14,1
DA:15,1
DA:16,1
DA:17,1
DA:18,1
DA:19,1
DA:20,1
DA:21,1
DA:22,1
DA:23,1
DA:24,31
DA:25,31
DA:26,31
DA:27,31
DA:28,31
DA:29,31
DA:30,31
DA:31,31
DA:32,31
DA:33,31
DA:34,31
DA:35,31
DA:36,31
DA:37,31
DA:38,31
DA:39,1
DA:40,1
DA:41,1
DA:42,1
DA:43,1
DA:44,1
DA:45,1
DA:46,1
DA:47,1
DA:48,1
DA:49,1
DA:50,1
DA:51,1
DA:52,1
DA:53,1
DA:54,1
DA:55,1
DA:56,1
LF:56
LH:56
BRDA:23,0,0,31
BRDA:33,1,0,0
BRDA:35,2,0,0
BRDA:42,3,0,31
BRDA:43,4,0,31
BRDA:44,5,0,31
BRDA:45,6,0,31
BRDA:50,7,0,31
BRDA:51,8,0,31
BRF:9
BRH:7
end_of_record
TN:
SF:src/components/ui/SegmentedControl.tsx
FN:25,SegmentedControl
FN:41,onClick
FN:54,Object.<anonymous>._styledComponents.default.div.theme.theme
FN:55,Object.<anonymous>._styledComponents.default.div.theme.theme
FN:62,Object.<anonymous>._styledComponents.default.button.theme.theme
FN:63,Object.<anonymous>._styledComponents.default.button.theme.theme
FN:64,Object.<anonymous>._styledComponents.default.button.theme.theme
FN:65,Object.<anonymous>._styledComponents.default.button.theme.theme
FN:65,Object.<anonymous>._styledComponents.default.button.theme.theme
FN:67,Object.<anonymous>._styledComponents.default.button.theme.theme
FNF:10
FNH:10
FNDA:11,SegmentedControl
FNDA:2,onClick
FNDA:11,Object.<anonymous>._styledComponents.default.div.theme.theme
FNDA:11,Object.<anonymous>._styledComponents.default.div.theme.theme
FNDA:22,Object.<anonymous>._styledComponents.default.button.theme.theme
FNDA:22,Object.<anonymous>._styledComponents.default.button.theme.theme
FNDA:22,Object.<anonymous>._styledComponents.default.button.theme.theme
FNDA:22,Object.<anonymous>._styledComponents.default.button.theme.theme
FNDA:22,Object.<anonymous>._styledComponents.default.button.theme.theme
FNDA:22,Object.<anonymous>._styledComponents.default.button.theme.theme
DA:1,1
DA:2,1
DA:3,1
DA:4,1
DA:5,1
DA:6,1
DA:7,1
DA:8,1
DA:9,1
DA:10,1
DA:11,1
DA:12,1
DA:13,1
DA:14,1
DA:15,1
DA:16,1
DA:17,1
DA:18,1
DA:19,1
DA:20,1
DA:21,1
DA:22,1
DA:23,1
DA:24,1
DA:25,1
DA:26,11
DA:27,11
DA:28,11
DA:29,11
DA:30,11
DA:31,11
DA:32,11
DA:33,11
DA:34,22
DA:35,22
DA:36,22
DA:37,22
DA:38,22
DA:39,22
DA:40,22
DA:41,22
DA:42,22
DA:43,22
DA:44,22
DA:45,22
DA:46,11
DA:47,11
DA:48,11
DA:49,11
DA:50,1
DA:51,1
DA:52,1
DA:53,1
DA:54,1
DA:55,1
DA:56,1
DA:57,1
DA:58,1
DA:59,1
DA:60,1
DA:61,1
DA:62,1
DA:63,1
DA:64,1
DA:65,1
DA:66,1
DA:67,1
DA:68,1
DA:69,1
DA:70,1
LF:70
LH:70
BRDA:25,0,0,11
BRDA:33,1,0,22
BRDA:41,2,0,2
BRDA:54,3,0,11
BRDA:55,4,0,11
BRDA:56,5,0,11
BRDA:62,6,0,22
BRDA:62,7,0,11
BRDA:62,8,0,11
BRDA:63,9,0,22
BRDA:64,10,0,22
BRDA:65,11,0,22
BRDA:65,12,0,22
BRDA:67,13,0,22
BRDA:69,14,0,22
BRDA:69,15,0,11
BRDA:69,16,0,11
BRF:17
BRH:17
end_of_record
TN:
SF:src/components/ui/Stack.tsx
FN:23,Stack
FNF:1
FNH:1
FNDA:201,Stack
DA:1,1
DA:2,1
DA:3,1
DA:4,1
DA:5,1
DA:6,1
DA:7,1
DA:8,1
DA:9,1
DA:10,1
DA:11,1
DA:12,1
DA:13,1
DA:14,1
DA:15,1
DA:16,1
DA:17,1
DA:18,1
DA:19,1
DA:20,1
DA:21,1
DA:22,1
DA:23,1
DA:24,201
DA:25,201
DA:26,201
DA:27,201
DA:28,201
DA:29,201
DA:30,201
DA:31,201
DA:32,201
DA:33,201
DA:34,201
DA:35,201
DA:36,201
DA:37,201
DA:38,201
DA:39,1
DA:40,1
DA:41,1
DA:42,1
DA:43,1
DA:44,1
LF:44
LH:44
BRDA:23,0,0,201
BRDA:32,1,0,0
BRDA:43,2,0,201
BRF:3
BRH:2
end_of_record
TN:
SF:src/components/ui/Surface.tsx
FN:12,Object.<anonymous>.exports.Surface._styledComponents.default.div.theme.theme
FN:13,Object.<anonymous>.exports.Surface._styledComponents.default.div.theme.theme
FN:14,Object.<anonymous>.exports.Surface._styledComponents.default.div.theme.theme
FN:15,Object.<anonymous>.exports.Surface._styledComponents.default.div.theme.theme
FNF:4
FNH:4
FNDA:81,Object.<anonymous>.exports.Surface._styledComponents.default.div.theme.theme
FNDA:81,Object.<anonymous>.exports.Surface._styledComponents.default.div.theme.theme
FNDA:81,Object.<anonymous>.exports.Surface._styledComponents.default.div.theme.theme
FNDA:81,Object.<anonymous>.exports.Surface._styledComponents.default.div.theme.theme
DA:1,1
DA:2,1
DA:3,1
DA:4,1
DA:5,1
DA:6,1
DA:7,1
DA:8,1
DA:9,1
DA:10,1
DA:11,1
DA:12,1
DA:13,1
DA:14,1
DA:15,1
DA:16,1
DA:17,1
LF:17
LH:17
BRDA:12,0,0,81
BRDA:13,1,0,81
BRDA:14,2,0,81
BRDA:15,3,0,81
BRDA:16,4,0,81
BRF:5
BRH:5
end_of_record
TN:
SF:src/hooks/useLocalStorageState.ts
FN:11,useLocalStorageState
FNF:1
FNH:1
FNDA:20,useLocalStorageState
DA:1,1
DA:2,1
DA:3,1
DA:4,1
DA:5,1
DA:6,1
DA:7,1
DA:8,1
DA:9,1
DA:10,1
DA:11,1
DA:12,20
DA:13,14
DA:14,14
DA:15,14
DA:16,9
DA:17,14
DA:18,0
DA:19,0
DA:20,20
DA:21,20
DA:22,20
DA:23,16
DA:24,16
DA:25,16
DA:26,0
DA:27,16
DA:28,20
DA:29,20
DA:30,20
DA:31,20
LF:31
LH:28
BRDA:11,0,0,20
BRDA:12,1,0,14
BRDA:15,2,0,5
BRDA:15,3,0,9
BRDA:17,4,0,0
BRDA:22,5,0,16
BRDA:25,6,0,0
BRF:7
BRH:5
end_of_record
TN:
SF:src/layout/AppNav.tsx
FN:26,AppNav
FN:92,Object.<anonymous>._styledComponents.default.nav.theme.theme
FN:93,Object.<anonymous>._styledComponents.default.nav.theme.theme
FN:96,Object.<anonymous>._styledComponents.default.nav.theme.theme
FN:96,Object.<anonymous>._styledComponents.default.nav.theme.theme
FN:97,Object.<anonymous>._styledComponents.default.nav.theme.theme
FN:108,Object.<anonymous>._styledComponents.default.nav.theme.theme
FN:116,Object.<anonymous>._styledComponents.default.nav.theme.theme
FN:117,Object.<anonymous>._styledComponents.default.nav.theme.theme
FN:124,Object.<anonymous>._styledComponents.default.div.theme.theme
FN:125,Object.<anonymous>._styledComponents.default.div.theme.theme
FN:153,Object.<anonymous>.NavItem.theme.theme
FN:154,Object.<anonymous>.NavItem.theme.theme
FN:155,Object.<anonymous>.NavItem.theme.theme
FN:158,Object.<anonymous>.NavItem.theme.theme
FN:165,Object.<anonymous>.RailItem.theme.theme
FN:168,Object.<anonymous>.RailItem.theme.theme
FN:175,Object.<anonymous>._styledComponents.default.button.theme.theme
FNF:18
FNH:18
FNDA:12,AppNav
FNDA:12,Object.<anonymous>._styledComponents.default.nav.theme.theme
FNDA:12,Object.<anonymous>._styledComponents.default.nav.theme.theme
FNDA:12,Object.<anonymous>._styledComponents.default.nav.theme.theme
FNDA:12,Object.<anonymous>._styledComponents.default.nav.theme.theme
FNDA:12,Object.<anonymous>._styledComponents.default.nav.theme.theme
FNDA:12,Object.<anonymous>._styledComponents.default.nav.theme.theme
FNDA:12,Object.<anonymous>._styledComponents.default.nav.theme.theme
FNDA:12,Object.<anonymous>._styledComponents.default.nav.theme.theme
FNDA:12,Object.<anonymous>._styledComponents.default.div.theme.theme
FNDA:12,Object.<anonymous>._styledComponents.default.div.theme.theme
FNDA:60,Object.<anonymous>.NavItem.theme.theme
FNDA:60,Object.<anonymous>.NavItem.theme.theme
FNDA:60,Object.<anonymous>.NavItem.theme.theme
FNDA:60,Object.<anonymous>.NavItem.theme.theme
FNDA:60,Object.<anonymous>.RailItem.theme.theme
FNDA:60,Object.<anonymous>.RailItem.theme.theme
FNDA:12,Object.<anonymous>._styledComponents.default.button.theme.theme
DA:1,1
DA:2,1
DA:3,1
DA:4,1
DA:5,1
DA:6,1
DA:7,1
DA:8,1
DA:9,1
DA:10,1
DA:11,1
DA:12,1
DA:13,1
DA:14,1
DA:15,1
DA:16,1
DA:17,1
DA:18,1
DA:19,1
DA:20,1
DA:21,1
DA:22,1
DA:23,1
DA:24,1
DA:25,1
DA:26,1
DA:27,12
DA:28,12
DA:29,12
DA:30,12
DA:31,12
DA:32,12
DA:33,12
DA:34,12
DA:35,12
DA:36,12
DA:37,12
DA:38,12
DA:39,12
DA:40,12
DA:41,12
DA:42,12
DA:43,12
DA:44,12
DA:45,12
DA:46,12
DA:47,12
DA:48,12
DA:49,12
DA:50,12
DA:51,12
DA:52,12
DA:53,12
DA:54,12
DA:55,12
DA:56,12
DA:57,12
DA:58,12
DA:59,12
DA:60,12
DA:61,12
DA:62,12
DA:63,12
DA:64,12
DA:65,12
DA:66,12
DA:67,12
DA:68,12
DA:69,12
DA:70,12
DA:71,12
DA:72,12
DA:73,12
DA:74,12
DA:75,12
DA:76,12
DA:77,12
DA:78,12
DA:79,12
DA:80,12
DA:81,12
DA:82,12
DA:83,12
DA:84,12
DA:85,1
DA:86,1
DA:87,1
DA:88,1
DA:89,1
DA:90,1
DA:91,1
DA:92,1
DA:93,1
DA:94,1
DA:95,1
DA:96,1
DA:97,1
DA:98,1
DA:99,1
DA:100,1
DA:101,1
DA:102,1
DA:103,1
DA:104,1
DA:105,1
DA:106,1
DA:107,1
DA:108,1
DA:109,1
DA:110,1
DA:111,1
DA:112,1
DA:113,1
DA:114,1
DA:115,1
DA:116,1
DA:117,1
DA:118,1
DA:119,1
DA:120,1
DA:121,1
DA:122,1
DA:123,1
DA:124,1
DA:125,1
DA:126,1
DA:127,1
DA:128,1
DA:129,1
DA:130,1
DA:131,1
DA:132,1
DA:133,1
DA:134,1
DA:135,1
DA:136,1
DA:137,1
DA:138,1
DA:139,1
DA:140,1
DA:141,1
DA:142,1
DA:143,1
DA:144,1
DA:145,1
DA:146,1
DA:147,1
DA:148,1
DA:149,1
DA:150,1
DA:151,1
DA:152,1
DA:153,1
DA:154,1
DA:155,1
DA:156,1
DA:157,1
DA:158,1
DA:159,1
DA:160,1
DA:161,1
DA:162,1
DA:163,1
DA:164,1
DA:165,1
DA:166,1
DA:167,1
DA:168,1
DA:169,1
DA:170,1
DA:171,1
DA:172,1
DA:173,1
DA:174,1
DA:175,1
DA:176,1
DA:177,1
DA:178,1
LF:178
LH:178
BRDA:26,0,0,12
BRDA:92,1,0,12
BRDA:93,2,0,12
BRDA:96,3,0,12
BRDA:96,4,0,12
BRDA:97,5,0,12
BRDA:100,6,0,12
BRDA:108,7,0,12
BRDA:116,8,0,12
BRDA:117,9,0,12
BRDA:118,10,0,12
BRDA:124,11,0,12
BRDA:125,12,0,12
BRDA:127,13,0,12
BRDA:133,14,0,12
BRDA:153,15,0,60
BRDA:154,16,0,60
BRDA:155,17,0,60
BRDA:158,18,0,60
BRDA:159,19,0,60
BRDA:165,20,0,60
BRDA:168,21,0,60
BRDA:169,22,0,60
BRDA:175,23,0,12
BRDA:176,24,0,12
BRF:25
BRH:25
end_of_record
TN:
SF:src/layout/AppShell.tsx
FN:20,AppShell
FN:25,onOpenSafety
FN:26,onClick
FN:33,onClose
FN:46,Object.<anonymous>._styledComponents.default.button.theme.theme
FN:47,Object.<anonymous>._styledComponents.default.button.theme.theme
FN:52,Object.<anonymous>._styledComponents.default.button.theme.theme
FN:53,Object.<anonymous>._styledComponents.default.button.theme.theme
FN:53,Object.<anonymous>._styledComponents.default.button.theme.theme
FN:54,Object.<anonymous>._styledComponents.default.button.theme.theme
FN:55,Object.<anonymous>._styledComponents.default.button.theme.theme
FN:56,Object.<anonymous>._styledComponents.default.button.theme.theme
FN:57,Object.<anonymous>._styledComponents.default.button.theme.theme
FN:59,Object.<anonymous>._styledComponents.default.button.theme.theme
FN:61,Object.<anonymous>._styledComponents.default.button.theme.theme
FNF:15
FNH:13
FNDA:12,AppShell
FNDA:0,onOpenSafety
FNDA:2,onClick
FNDA:0,onClose
FNDA:12,Object.<anonymous>._styledComponents.default.button.theme.theme
FNDA:12,Object.<anonymous>._styledComponents.default.button.theme.theme
FNDA:12,Object.<anonymous>._styledComponents.default.button.theme.theme
FNDA:12,Object.<anonymous>._styledComponents.default.button.theme.theme
FNDA:12,Object.<anonymous>._styledComponents.default.button.theme.theme
FNDA:12,Object.<anonymous>._styledComponents.default.button.theme.theme
FNDA:12,Object.<anonymous>._styledComponents.default.button.theme.theme
FNDA:12,Object.<anonymous>._styledComponents.default.button.theme.theme
FNDA:12,Object.<anonymous>._styledComponents.default.button.theme.theme
FNDA:12,Object.<anonymous>._styledComponents.default.button.theme.theme
FNDA:12,Object.<anonymous>._styledComponents.default.button.theme.theme
DA:1,1
DA:2,1
DA:3,1
DA:4,1
DA:5,1
DA:6,1
DA:7,1
DA:8,1
DA:9,1
DA:10,1
DA:11,1
DA:12,1
DA:13,1
DA:14,1
DA:15,1
DA:16,1
DA:17,1
DA:18,1
DA:19,1
DA:20,1
DA:21,12
DA:22,12
DA:23,12
DA:24,12
DA:25,12
DA:26,12
DA:27,12
DA:28,12
DA:29,12
DA:30,12
DA:31,12
DA:32,12
DA:33,12
DA:34,12
DA:35,12
DA:36,12
DA:37,1
DA:38,1
DA:39,1
DA:40,1
DA:41,1
DA:42,1
DA:43,1
DA:44,1
DA:45,1
DA:46,1
DA:47,1
DA:48,1
DA:49,1
DA:50,1
DA:51,1
DA:52,1
DA:53,1
DA:54,1
DA:55,1
DA:56,1
DA:57,1
DA:58,1
DA:59,1
DA:60,1
DA:61,1
DA:62,1
DA:63,1
DA:64,1
LF:64
LH:64
BRDA:20,0,0,12
BRDA:26,1,0,2
BRDA:39,2,0,12
BRDA:46,3,0,12
BRDA:47,4,0,12
BRDA:52,5,0,12
BRDA:53,6,0,12
BRDA:53,7,0,12
BRDA:54,8,0,12
BRDA:55,9,0,12
BRDA:56,10,0,12
BRDA:57,11,0,12
BRDA:59,12,0,12
BRDA:61,13,0,12
BRDA:62,14,0,12
BRF:15
BRH:15
end_of_record
TN:
SF:src/pages/HarborHome/HarborHomePage.tsx
FN:35,HarborHomePage
FN:94,onClick
FN:169,toChronological
FN:173,MoodSparkline
FN:202,Object.<anonymous>._styledComponents.default.div.theme.theme
FN:207,Object.<anonymous>._styledComponents.default.div.theme.theme
FNF:6
FNH:4
FNDA:4,HarborHomePage
FNDA:0,onClick
FNDA:4,toChronological
FNDA:0,MoodSparkline
FNDA:4,Object.<anonymous>._styledComponents.default.div.theme.theme
FNDA:12,Object.<anonymous>._styledComponents.default.div.theme.theme
DA:1,1
DA:2,1
DA:3,1
DA:4,1
DA:5,1
DA:6,1
DA:7,1
DA:8,1
DA:9,1
DA:10,1
DA:11,1
DA:12,1
DA:13,1
DA:14,1
DA:15,1
DA:16,1
DA:17,1
DA:18,1
DA:19,1
DA:20,1
DA:21,1
DA:22,1
DA:23,1
DA:24,1
DA:25,1
DA:26,1
DA:27,1
DA:28,1
DA:29,1
DA:30,1
DA:31,1
DA:32,1
DA:33,1
DA:34,1
DA:35,1
DA:36,4
DA:37,4
DA:38,4
DA:39,4
DA:40,4
DA:41,4
DA:42,4
DA:43,4
DA:44,4
DA:45,2
DA:46,2
DA:47,2
DA:48,2
DA:49,2
DA:50,2
DA:51,2
DA:52,2
DA:53,0
DA:54,0
DA:55,2
DA:56,2
DA:57,2
DA:58,2
DA:59,2
DA:60,2
DA:61,2
DA:62,2
DA:63,4
DA:64,4
DA:65,4
DA:66,4
DA:67,4
DA:68,4
DA:69,4
DA:70,4
DA:71,4
DA:72,4
DA:73,4
DA:74,0
DA:75,4
DA:76,4
DA:77,4
DA:78,4
DA:79,4
DA:80,4
DA:81,4
DA:82,4
DA:83,4
DA:84,4
DA:85,4
DA:86,4
DA:87,4
DA:88,4
DA:89,4
DA:90,4
DA:91,4
DA:92,4
DA:93,4
DA:94,4
DA:95,4
DA:96,4
DA:97,4
DA:98,4
DA:99,4
DA:100,4
DA:101,4
DA:102,4
DA:103,4
DA:104,4
DA:105,4
DA:106,4
DA:107,4
DA:108,4
DA:109,4
DA:110,4
DA:111,4
DA:112,4
DA:113,2
DA:114,2
DA:115,2
DA:116,2
DA:117,4
DA:118,4
DA:119,0
DA:120,4
DA:121,4
DA:122,4
DA:123,4
DA:124,4
DA:125,4
DA:126,4
DA:127,4
DA:128,4
DA:129,4
DA:130,4
DA:131,4
DA:132,4
DA:133,4
DA:134,4
DA:135,4
DA:136,4
DA:137,4
DA:138,4
DA:139,4
DA:140,4
DA:141,4
DA:142,4
DA:143,4
DA:144,4
DA:145,4
DA:146,4
DA:147,4
DA:148,4
DA:149,4
DA:150,4
DA:151,4
DA:152,4
DA:153,4
DA:154,0
DA:155,0
DA:156,0
DA:157,0
DA:158,0
DA:159,0
DA:160,0
DA:161,0
DA:162,0
DA:163,4
DA:164,4
DA:165,4
DA:166,4
DA:167,4
DA:168,1
DA:169,4
DA:170,4
DA:171,4
DA:172,1
DA:173,0
DA:174,0
DA:175,0
DA:176,0
DA:177,0
DA:178,0
DA:179,0
DA:180,0
DA:181,0
DA:182,0
DA:183,0
DA:184,0
DA:185,0
DA:186,0
DA:187,0
DA:188,0
DA:189,0
DA:190,0
DA:191,0
DA:192,0
DA:193,0
DA:194,0
DA:195,0
DA:196,0
DA:197,0
DA:198,0
DA:199,0
DA:200,1
DA:201,1
DA:202,1
DA:203,1
DA:204,1
DA:205,1
DA:206,1
DA:207,1
DA:208,1
DA:209,1
DA:210,1
DA:211,1
DA:212,1
DA:213,1
DA:214,1
DA:215,1
LF:215
LH:175
BRDA:35,0,0,4
BRDA:74,1,0,0
BRDA:103,2,0,0
BRDA:109,3,0,0
BRDA:111,4,0,2
BRDA:111,5,0,2
BRDA:112,6,0,2
BRDA:112,7,0,2
BRDA:117,8,0,2
BRDA:118,9,0,2
BRDA:118,10,0,0
BRDA:153,11,0,0
BRDA:44,12,0,2
BRDA:48,13,0,2
BRDA:49,14,0,0
BRDA:50,15,0,0
BRDA:56,16,0,2
BRDA:57,17,0,0
BRDA:60,18,0,2
BRDA:169,19,0,4
BRDA:202,20,0,4
BRDA:203,21,0,4
BRDA:207,22,0,12
BRDA:208,23,0,12
BRF:24
BRH:16
end_of_record
TN:
SF:src/pages/Journal/JournalPage.tsx
FN:38,JournalPage
FN:44,saveFreeWrite
FN:91,onChange
FN:118,ThoughtRecordWizard
FN:139,onChange
FN:149,onChange
FN:160,onChange
FN:173,onChange
FN:186,onChange
FN:191,onChange
FN:202,onChange
FN:214,save
FN:258,onClick
FN:263,onClick
FN:284,Object.<anonymous>._styledComponents.default.div.theme.theme
FNF:15
FNH:10
FNDA:6,JournalPage
FNDA:1,saveFreeWrite
FNDA:1,onChange
FNDA:10,ThoughtRecordWizard
FNDA:1,onChange
FNDA:1,onChange
FNDA:1,onChange
FNDA:0,onChange
FNDA:0,onChange
FNDA:0,onChange
FNDA:0,onChange
FNDA:1,save
FNDA:0,onClick
FNDA:4,onClick
FNDA:15,Object.<anonymous>._styledComponents.default.div.theme.theme
DA:1,1
DA:2,1
DA:3,1
DA:4,1
DA:5,1
DA:6,1
DA:7,1
DA:8,1
DA:9,1
DA:10,1
DA:11,1
DA:12,1
DA:13,1
DA:14,1
DA:15,1
DA:16,1
DA:17,1
DA:18,1
DA:19,1
DA:20,1
DA:21,1
DA:22,1
DA:23,1
DA:24,1
DA:25,1
DA:26,1
DA:27,1
DA:28,1
DA:29,1
DA:30,1
DA:31,1
DA:32,1
DA:33,1
DA:34,1
DA:35,1
DA:36,1
DA:37,1
DA:38,1
DA:39,6
DA:40,6
DA:41,6
DA:42,6
DA:43,6
DA:44,6
DA:45,1
DA:46,1
DA:47,1
DA:48,1
DA:49,1
DA:50,1
DA:51,1
DA:52,1
DA:53,1
DA:54,1
DA:55,1
DA:56,0
DA:57,1
DA:58,1
DA:59,1
DA:60,6
DA:61,6
DA:62,6
DA:63,6
DA:64,6
DA:65,6
DA:66,6
DA:67,6
DA:68,6
DA:69,6
DA:70,6
DA:71,6
DA:72,6
DA:73,6
DA:74,6
DA:75,6
DA:76,6
DA:77,6
DA:78,6
DA:79,6
DA:80,5
DA:81,5
DA:82,5
DA:83,5
DA:84,5
DA:85,5
DA:86,5
DA:87,5
DA:88,5
DA:89,5
DA:90,5
DA:91,5
DA:92,1
DA:93,1
DA:94,1
DA:95,5
DA:96,5
DA:97,5
DA:98,5
DA:99,5
DA:100,5
DA:101,5
DA:102,5
DA:103,5
DA:104,5
DA:105,5
DA:106,5
DA:107,5
DA:108,5
DA:109,5
DA:110,1
DA:111,1
DA:112,6
DA:113,6
DA:114,6
DA:115,6
DA:116,6
DA:117,1
DA:118,10
DA:119,10
DA:120,10
DA:121,10
DA:122,10
DA:123,10
DA:124,10
DA:125,10
DA:126,10
DA:127,10
DA:128,10
DA:129,10
DA:130,10
DA:131,10
DA:132,10
DA:133,10
DA:134,10
DA:135,10
DA:136,10
DA:137,10
DA:138,10
DA:139,10
DA:140,10
DA:141,10
DA:142,10
DA:143,10
DA:144,10
DA:145,10
DA:146,10
DA:147,10
DA:148,10
DA:149,10
DA:150,10
DA:151,10
DA:152,10
DA:153,10
DA:154,10
DA:155,10
DA:156,10
DA:157,10
DA:158,10
DA:159,10
DA:160,10
DA:161,10
DA:162,10
DA:163,10
DA:164,10
DA:165,10
DA:166,10
DA:167,10
DA:168,10
DA:169,10
DA:170,10
DA:171,10
DA:172,10
DA:173,10
DA:174,10
DA:175,10
DA:176,10
DA:177,10
DA:178,10
DA:179,10
DA:180,10
DA:181,10
DA:182,10
DA:183,10
DA:184,10
DA:185,10
DA:186,10
DA:187,10
DA:188,10
DA:189,10
DA:190,10
DA:191,10
DA:192,10
DA:193,10
DA:194,10
DA:195,10
DA:196,10
DA:197,10
DA:198,10
DA:199,10
DA:200,10
DA:201,10
DA:202,10
DA:203,10
DA:204,10
DA:205,10
DA:206,10
DA:207,10
DA:208,10
DA:209,10
DA:210,10
DA:211,10
DA:212,10
DA:213,10
DA:214,10
DA:215,1
DA:216,1
DA:217,1
DA:218,1
DA:219,1
DA:220,1
DA:221,1
DA:222,1
DA:223,1
DA:224,1
DA:225,1
DA:226,1
DA:227,1
DA:228,1
DA:229,1
DA:230,1
DA:231,1
DA:232,1
DA:233,1
DA:234,1
DA:235,1
DA:236,1
DA:237,1
DA:238,1
DA:239,1
DA:240,0
DA:241,1
DA:242,1
DA:243,1
DA:244,10
DA:245,10
DA:246,10
DA:247,10
DA:248,10
DA:249,10
DA:250,10
DA:251,10
DA:252,10
DA:253,10
DA:254,10
DA:255,10
DA:256,10
DA:257,10
DA:258,10
DA:259,10
DA:260,10
DA:261,10
DA:262,10
DA:263,8
DA:264,8
DA:265,8
DA:266,2
DA:267,2
DA:268,2
DA:269,2
DA:270,10
DA:271,10
DA:272,10
DA:273,10
DA:274,10
DA:275,10
DA:276,10
DA:277,10
DA:278,1
DA:279,1
DA:280,1
DA:281,1
DA:282,1
DA:283,1
DA:284,1
DA:285,1
DA:286,1
LF:286
LH:284
BRDA:38,0,0,6
BRDA:79,1,0,5
BRDA:110,2,0,1
BRDA:44,3,0,1
BRDA:45,4,0,0
BRDA:55,5,0,0
BRDA:91,6,0,1
BRDA:118,7,0,10
BRDA:209,8,0,3
BRDA:209,9,0,9
BRDA:210,10,0,2
BRDA:210,11,0,8
BRDA:211,12,0,2
BRDA:211,13,0,7
BRDA:262,14,0,8
BRDA:266,15,0,2
BRDA:273,16,0,1
BRDA:273,17,0,9
BRDA:139,18,0,1
BRDA:139,19,0,1
BRDA:149,20,0,1
BRDA:149,21,0,1
BRDA:160,22,0,1
BRDA:160,23,0,1
BRDA:214,24,0,1
BRDA:239,25,0,0
BRDA:224,26,0,1
BRDA:263,27,0,4
BRDA:263,28,0,4
BRDA:280,29,0,5
BRDA:284,30,0,15
BRDA:285,31,0,15
BRF:32
BRH:29
end_of_record
TN:
SF:src/pages/Mood/MoodPage.tsx
FN:37,MoodPage
FN:52,toggleTag
FN:56,submit
FN:99,onChange
FN:107,onClick
FN:119,onChange
FN:150,formatTs
FN:163,Object.<anonymous>._styledComponents.default.div.theme.theme
FN:164,Object.<anonymous>._styledComponents.default.div.theme.theme
FN:165,Object.<anonymous>._styledComponents.default.div.theme.theme
FN:166,Object.<anonymous>._styledComponents.default.div.theme.theme
FN:166,Object.<anonymous>._styledComponents.default.div.theme.theme
FN:171,Object.<anonymous>._styledComponents.default.div.theme.theme
FNF:13
FNH:10
FNDA:6,MoodPage
FNDA:0,toggleTag
FNDA:1,submit
FNDA:1,onChange
FNDA:0,onClick
FNDA:1,onChange
FNDA:0,formatTs
FNDA:6,Object.<anonymous>._styledComponents.default.div.theme.theme
FNDA:6,Object.<anonymous>._styledComponents.default.div.theme.theme
FNDA:6,Object.<anonymous>._styledComponents.default.div.theme.theme
FNDA:6,Object.<anonymous>._styledComponents.default.div.theme.theme
FNDA:6,Object.<anonymous>._styledComponents.default.div.theme.theme
FNDA:1,Object.<anonymous>._styledComponents.default.div.theme.theme
DA:1,1
DA:2,1
DA:3,1
DA:4,1
DA:5,1
DA:6,1
DA:7,1
DA:8,1
DA:9,1
DA:10,1
DA:11,1
DA:12,1
DA:13,1
DA:14,1
DA:15,1
DA:16,1
DA:17,1
DA:18,1
DA:19,1
DA:20,1
DA:21,1
DA:22,1
DA:23,1
DA:24,1
DA:25,1
DA:26,1
DA:27,1
DA:28,1
DA:29,1
DA:30,1
DA:31,1
DA:32,1
DA:33,1
DA:34,1
DA:35,1
DA:36,1
DA:37,1
DA:38,6
DA:39,6
DA:40,6
DA:41,6
DA:42,6
DA:43,6
DA:44,6
DA:45,6
DA:46,6
DA:47,2
DA:48,2
DA:49,2
DA:50,6
DA:51,6
DA:52,6
DA:53,0
DA:54,6
DA:55,6
DA:56,6
DA:57,1
DA:58,1
DA:59,1
DA:60,1
DA:61,1
DA:62,1
DA:63,1
DA:64,1
DA:65,1
DA:66,1
DA:67,1
DA:68,1
DA:69,1
DA:70,0
DA:71,1
DA:72,1
DA:73,1
DA:74,6
DA:75,6
DA:76,6
DA:77,6
DA:78,6
DA:79,6
DA:80,6
DA:81,6
DA:82,6
DA:83,6
DA:84,6
DA:85,6
DA:86,6
DA:87,6
DA:88,6
DA:89,6
DA:90,6
DA:91,6
DA:92,6
DA:93,6
DA:94,6
DA:95,6
DA:96,6
DA:97,6
DA:98,6
DA:99,6
DA:100,6
DA:101,6
DA:102,6
DA:103,6
DA:104,6
DA:105,6
DA:106,6
DA:107,42
DA:108,42
DA:109,42
DA:110,6
DA:111,6
DA:112,6
DA:113,6
DA:114,6
DA:115,6
DA:116,6
DA:117,6
DA:118,6
DA:119,6
DA:120,6
DA:121,6
DA:122,6
DA:123,6
DA:124,6
DA:125,6
DA:126,6
DA:127,6
DA:128,6
DA:129,6
DA:130,6
DA:131,6
DA:132,0
DA:133,0
DA:134,0
DA:135,0
DA:136,0
DA:137,0
DA:138,0
DA:139,0
DA:140,0
DA:141,0
DA:142,0
DA:143,0
DA:144,6
DA:145,6
DA:146,6
DA:147,6
DA:148,6
DA:149,1
DA:150,0
DA:151,0
DA:152,0
DA:153,0
DA:154,0
DA:155,0
DA:156,1
DA:157,1
DA:158,1
DA:159,1
DA:160,1
DA:161,1
DA:162,1
DA:163,1
DA:164,1
DA:165,1
DA:166,1
DA:167,1
DA:168,1
DA:169,1
DA:170,1
DA:171,1
DA:172,1
DA:173,1
LF:173
LH:153
BRDA:37,0,0,6
BRDA:127,1,0,1
BRDA:127,2,0,5
BRDA:131,3,0,0
BRDA:46,4,0,2
BRDA:48,5,0,2
BRDA:48,6,0,0
BRDA:56,7,0,1
BRDA:68,8,0,0
BRDA:69,9,0,0
BRDA:99,10,0,1
BRDA:106,11,0,42
BRDA:119,12,0,1
BRDA:159,13,0,6
BRDA:163,14,0,6
BRDA:164,15,0,6
BRDA:165,16,0,6
BRDA:166,17,0,6
BRDA:166,18,0,6
BRDA:167,19,0,6
BRDA:171,20,0,1
BRDA:172,21,0,1
BRF:22
BRH:18
end_of_record
TN:
SF:src/pages/More/MorePage.tsx
FN:25,MorePage
FN:30,loadExport
FN:89,onChange
FN:103,Object.<anonymous>._styledComponents.default.div.theme.theme
FNF:4
FNH:3
FNDA:4,MorePage
FNDA:1,loadExport
FNDA:0,onChange
FNDA:12,Object.<anonymous>._styledComponents.default.div.theme.theme
DA:1,1
DA:2,1
DA:3,1
DA:4,1
DA:5,1
DA:6,1
DA:7,1
DA:8,1
DA:9,1
DA:10,1
DA:11,1
DA:12,1
DA:13,1
DA:14,1
DA:15,1
DA:16,1
DA:17,1
DA:18,1
DA:19,1
DA:20,1
DA:21,1
DA:22,1
DA:23,1
DA:24,1
DA:25,1
DA:26,4
DA:27,4
DA:28,4
DA:29,4
DA:30,4
DA:31,1
DA:32,1
DA:33,1
DA:34,1
DA:35,1
DA:36,0
DA:37,1
DA:38,1
DA:39,1
DA:40,4
DA:41,4
DA:42,4
DA:43,4
DA:44,4
DA:45,4
DA:46,4
DA:47,4
DA:48,4
DA:49,4
DA:50,4
DA:51,4
DA:52,4
DA:53,4
DA:54,4
DA:55,4
DA:56,4
DA:57,4
DA:58,4
DA:59,4
DA:60,4
DA:61,4
DA:62,4
DA:63,4
DA:64,4
DA:65,4
DA:66,4
DA:67,4
DA:68,4
DA:69,4
DA:70,4
DA:71,4
DA:72,4
DA:73,4
DA:74,4
DA:75,4
DA:76,4
DA:77,4
DA:78,4
DA:79,4
DA:80,4
DA:81,4
DA:82,4
DA:83,4
DA:84,4
DA:85,4
DA:86,4
DA:87,4
DA:88,4
DA:89,4
DA:90,4
DA:91,4
DA:92,4
DA:93,4
DA:94,4
DA:95,4
DA:96,4
DA:97,4
DA:98,4
DA:99,4
DA:100,4
DA:101,1
DA:102,1
DA:103,1
DA:104,1
DA:105,1
LF:105
LH:104
BRDA:25,0,0,4
BRDA:30,1,0,1
BRDA:34,2,0,0
BRDA:35,3,0,0
BRDA:103,4,0,12
BRDA:104,5,0,12
BRF:6
BRH:4
end_of_record
TN:
SF:src/pages/Talk/TalkPage.tsx
FN:30,TalkPage
FN:47,send
FN:100,onClick
FN:118,onChange
FN:123,onClick
FN:146,Object.<anonymous>._styledComponents.default.div.theme.theme
FN:146,Object.<anonymous>._styledComponents.default.div.theme.theme
FN:147,Object.<anonymous>._styledComponents.default.div.theme.theme
FN:148,Object.<anonymous>._styledComponents.default.div.theme.theme
FN:149,Object.<anonymous>._styledComponents.default.div.$role.$role
FN:153,bubbleBackground
FNF:11
FNH:10
FNDA:5,TalkPage
FNDA:1,send
FNDA:0,onClick
FNDA:1,onChange
FNDA:1,onClick
FNDA:9,Object.<anonymous>._styledComponents.default.div.theme.theme
FNDA:9,Object.<anonymous>._styledComponents.default.div.theme.theme
FNDA:9,Object.<anonymous>._styledComponents.default.div.theme.theme
FNDA:9,Object.<anonymous>._styledComponents.default.div.theme.theme
FNDA:9,Object.<anonymous>._styledComponents.default.div.$role.$role
FNDA:9,bubbleBackground
DA:1,1
DA:2,1
DA:3,1
DA:4,1
DA:5,1
DA:6,1
DA:7,1
DA:8,1
DA:9,1
DA:10,1
DA:11,1
DA:12,1
DA:13,1
DA:14,1
DA:15,1
DA:16,1
DA:17,1
DA:18,1
DA:19,1
DA:20,1
DA:21,1
DA:22,1
DA:23,1
DA:24,1
DA:25,1
DA:26,1
DA:27,1
DA:28,1
DA:29,1
DA:30,1
DA:31,5
DA:32,5
DA:33,5
DA:34,5
DA:35,5
DA:36,5
DA:37,5
DA:38,5
DA:39,5
DA:40,5
DA:41,5
DA:42,5
DA:43,5
DA:44,5
DA:45,5
DA:46,5
DA:47,5
DA:48,1
DA:49,1
DA:50,1
DA:51,1
DA:52,1
DA:53,1
DA:54,1
DA:55,1
DA:56,1
DA:57,1
DA:58,0
DA:59,0
DA:60,0
DA:61,0
DA:62,0
DA:63,0
DA:64,0
DA:65,0
DA:66,0
DA:67,1
DA:68,1
DA:69,1
DA:70,1
DA:71,1
DA:72,1
DA:73,1
DA:74,1
DA:75,0
DA:76,0
DA:77,0
DA:78,0
DA:79,0
DA:80,0
DA:81,0
DA:82,0
DA:83,1
DA:84,1
DA:85,1
DA:86,5
DA:87,5
DA:88,5
DA:89,5
DA:90,5
DA:91,5
DA:92,5
DA:93,5
DA:94,5
DA:95,5
DA:96,5
DA:97,5
DA:98,5
DA:99,5
DA:100,15
DA:101,15
DA:102,15
DA:103,5
DA:104,5
DA:105,5
DA:106,5
DA:107,5
DA:108,8
DA:109,8
DA:110,8
DA:111,5
DA:112,5
DA:113,5
DA:114,5
DA:115,5
DA:116,5
DA:117,5
DA:118,5
DA:119,5
DA:120,5
DA:121,5
DA:122,5
DA:123,5
DA:124,5
DA:125,5
DA:126,5
DA:127,5
DA:128,5
DA:129,5
DA:130,5
DA:131,5
DA:132,5
DA:133,5
DA:134,5
DA:135,5
DA:136,5
DA:137,1
DA:138,1
DA:139,1
DA:140,1
DA:141,1
DA:142,1
DA:143,1
DA:144,1
DA:145,1
DA:146,1
DA:147,1
DA:148,1
DA:149,1
DA:150,1
DA:151,1
DA:152,1
DA:153,9
DA:154,9
DA:155,9
DA:156,1
DA:157,1
LF:157
LH:140
BRDA:30,0,0,5
BRDA:112,1,0,1
BRDA:112,2,0,4
BRDA:47,3,0,1
BRDA:49,4,0,0
BRDA:57,5,0,0
BRDA:74,6,0,0
BRDA:53,7,0,1
BRDA:73,8,0,1
BRDA:99,9,0,15
BRDA:107,10,0,8
BRDA:118,11,0,1
BRDA:123,12,0,1
BRDA:141,13,0,5
BRDA:146,14,0,9
BRDA:146,15,0,9
BRDA:147,16,0,9
BRDA:148,17,0,9
BRDA:149,18,0,9
BRDA:150,19,0,9
BRDA:150,20,0,2
BRDA:150,21,0,7
BRDA:153,22,0,9
BRDA:154,23,0,2
BRDA:154,24,0,7
BRDA:155,25,0,6
BRDA:155,26,0,1
BRF:27
BRH:24
end_of_record
TN:
SF:src/services/apiClient.ts
FN:13,ApiError
FN:21,requestJson
FN:47,safeJsonParse
FNF:3
FNH:3
FNDA:1,ApiError
FNDA:14,requestJson
FNDA:14,safeJsonParse
DA:1,1
DA:2,1
DA:3,1
DA:4,1
DA:5,1
DA:6,1
DA:7,1
DA:8,1
DA:9,1
DA:10,1
DA:11,1
DA:12,1
DA:13,1
DA:14,1
DA:15,1
DA:16,1
DA:17,1
DA:18,1
DA:19,1
DA:20,1
DA:21,1
DA:22,14
DA:23,14
DA:24,14
DA:25,14
DA:26,14
DA:27,14
DA:28,14
DA:29,14
DA:30,14
DA:31,14
DA:32,14
DA:33,14
DA:34,1
DA:35,1
DA:36,1
DA:37,1
DA:38,1
DA:39,1
DA:40,1
DA:41,1
DA:42,1
DA:43,13
DA:44,13
DA:45,13
DA:46,1
DA:47,14
DA:48,14
DA:49,14
DA:50,14
DA:51,0
DA:52,0
DA:53,14
LF:53
LH:51
BRDA:13,0,0,1
BRDA:21,1,0,14
BRDA:25,2,0,4
BRDA:31,3,0,0
BRDA:33,4,0,1
BRDA:40,5,0,0
BRDA:40,6,0,0
BRDA:42,7,0,13
BRDA:47,8,0,14
BRDA:50,9,0,0
BRF:10
BRH:6
end_of_record
TN:
SF:src/state/experienceMode.tsx
FN:25,ExperienceModeProvider
FN:34,useExperienceMode
FNF:2
FNH:2
FNDA:10,ExperienceModeProvider
FNDA:14,useExperienceMode
DA:1,1
DA:2,1
DA:3,1
DA:4,1
DA:5,1
DA:6,1
DA:7,1
DA:8,1
DA:9,1
DA:10,1
DA:11,1
DA:12,1
DA:13,1
DA:14,1
DA:15,1
DA:16,1
DA:17,1
DA:18,1
DA:19,1
DA:20,1
DA:21,1
DA:22,1
DA:23,1
DA:24,1
DA:25,1
DA:26,10
DA:27,10
DA:28,10
DA:29,10
DA:30,10
DA:31,10
DA:32,10
DA:33,1
DA:34,1
DA:35,14
DA:36,14
DA:37,0
DA:38,0
DA:39,14
DA:40,14
LF:40
LH:38
BRDA:25,0,0,10
BRDA:34,1,0,14
BRDA:36,2,0,0
BRF:3
BRH:2
end_of_record
TN:
SF:src/utils/ripple-effect.ts
FN:3,createRipple
FN:29,animationEndHandler
FNF:2
FNH:2
FNDA:10,createRipple
FNDA:1,animationEndHandler
DA:1,1
DA:2,1
DA:3,1
DA:4,10
DA:5,10
DA:6,10
DA:7,10
DA:8,10
DA:9,10
DA:10,10
DA:11,10
DA:12,10
DA:13,10
DA:14,10
DA:15,10
DA:16,10
DA:17,10
DA:18,10
DA:19,10
DA:20,10
DA:21,10
DA:22,10
DA:23,10
DA:24,10
DA:25,10
DA:26,10
DA:27,10
DA:28,10
DA:29,10
DA:30,1
DA:31,10
DA:32,10
DA:33,10
DA:34,10
DA:35,10
DA:36,1
DA:37,1
DA:38,1
DA:39,1
DA:40,1
DA:41,1
DA:42,1
DA:43,1
DA:44,1
DA:45,1
DA:46,1
DA:47,1
DA:48,1
DA:49,1
DA:50,1
DA:51,1
LF:51
LH:51
BRDA:3,0,0,10
BRDA:29,1,0,1
BRF:2
BRH:2
end_of_record
